<?xml version="1.0" encoding="UTF-8"?>
<!-- Generated by org.testng.reporters.JUnitReportReporter -->
<testsuite skipped="0" hostname="LAPTOP-M7IGHPB6" name="test.java.com.basetest.frontend.Test1" tests="1" failures="0" timestamp="2020-01-23T14:49:34 CET" time="2.935" errors="0">
  <testcase name="selectPage" time="2.935" classname="test.java.com.basetest.frontend.Test1"/>
</testsuite> <!-- test.java.com.basetest.frontend.Test1 -->
